# Logfile created on 2014-03-02 14:35:36 -0500 by logger.rb/31641
I, [2014-03-02T14:35:36.507105 #335806]  INFO -- : 0:  rake (10.1.1) from /usr/libexec/openshift/cartridges/c9-0.1/root/lib/ruby/gems/specifications/rake-10.1.1.gemspec
I, [2014-03-02T14:35:36.508490 #335806]  INFO -- : 0:  i18n (0.6.9) from /usr/libexec/openshift/cartridges/c9-0.1/root/lib/ruby/gems/specifications/i18n-0.6.9.gemspec
I, [2014-03-02T14:35:36.509261 #335806]  INFO -- : 0:  minitest (4.7.5) from /usr/libexec/openshift/cartridges/c9-0.1/root/lib/ruby/gems/specifications/minitest-4.7.5.gemspec
I, [2014-03-02T14:35:36.579092 #335806]  INFO -- : 0:  multi_json (1.8.4) from /usr/libexec/openshift/cartridges/c9-0.1/root/lib/ruby/gems/specifications/multi_json-1.8.4.gemspec
I, [2014-03-02T14:35:43.391578 #335806]  INFO -- : 0:  atomic (1.1.15) from /var/lib/stickshift/5310acb64382ece2a90000c4/app-root/data/lib/ruby/gems/specifications/atomic-1.1.15.gemspec
I, [2014-03-02T14:35:45.778718 #335806]  INFO -- : 0:  thread_safe (0.2.0) from /var/lib/stickshift/5310acb64382ece2a90000c4/app-root/data/lib/ruby/gems/specifications/thread_safe-0.2.0.gemspec
I, [2014-03-02T14:35:45.780958 #335806]  INFO -- : 0:  tzinfo (0.3.38) from /usr/libexec/openshift/cartridges/c9-0.1/root/lib/ruby/gems/specifications/tzinfo-0.3.38.gemspec
I, [2014-03-02T14:35:45.782082 #335806]  INFO -- : 0:  activesupport (4.0.0) from /usr/libexec/openshift/cartridges/c9-0.1/root/lib/ruby/gems/specifications/activesupport-4.0.0.gemspec
I, [2014-03-02T14:35:45.782754 #335806]  INFO -- : 0:  builder (3.1.4) from /usr/libexec/openshift/cartridges/c9-0.1/root/lib/ruby/gems/specifications/builder-3.1.4.gemspec
I, [2014-03-02T14:35:45.784294 #335806]  INFO -- : 0:  erubis (2.7.0) from /usr/libexec/openshift/cartridges/c9-0.1/root/lib/ruby/gems/specifications/erubis-2.7.0.gemspec
I, [2014-03-02T14:35:45.785029 #335806]  INFO -- : 0:  rack (1.5.2) from /usr/libexec/openshift/cartridges/c9-0.1/root/lib/ruby/gems/specifications/rack-1.5.2.gemspec
I, [2014-03-02T14:35:45.788098 #335806]  INFO -- : 0:  rack-test (0.6.2) from /usr/libexec/openshift/cartridges/c9-0.1/root/lib/ruby/gems/specifications/rack-test-0.6.2.gemspec
I, [2014-03-02T14:35:45.788772 #335806]  INFO -- : 0:  actionpack (4.0.0) from /usr/libexec/openshift/cartridges/c9-0.1/root/lib/ruby/gems/specifications/actionpack-4.0.0.gemspec
I, [2014-03-02T14:35:45.903838 #335806]  INFO -- : 0:  mime-types (1.25.1) from /usr/libexec/openshift/cartridges/c9-0.1/root/lib/ruby/gems/specifications/mime-types-1.25.1.gemspec
I, [2014-03-02T14:35:47.343290 #335806]  INFO -- : 0:  polyglot (0.3.4) from /var/lib/stickshift/5310acb64382ece2a90000c4/app-root/data/lib/ruby/gems/specifications/polyglot-0.3.4.gemspec
I, [2014-03-02T14:35:47.359249 #335806]  INFO -- : 0:  treetop (1.4.15) from /usr/libexec/openshift/cartridges/c9-0.1/root/lib/ruby/gems/specifications/treetop-1.4.15.gemspec
I, [2014-03-02T14:35:47.360328 #335806]  INFO -- : 0:  mail (2.5.4) from /usr/libexec/openshift/cartridges/c9-0.1/root/lib/ruby/gems/specifications/mail-2.5.4.gemspec
I, [2014-03-02T14:35:47.360991 #335806]  INFO -- : 0:  actionmailer (4.0.0) from /usr/libexec/openshift/cartridges/c9-0.1/root/lib/ruby/gems/specifications/actionmailer-4.0.0.gemspec
I, [2014-03-02T14:35:47.371967 #335806]  INFO -- : 0:  activemodel (4.0.0) from /usr/libexec/openshift/cartridges/c9-0.1/root/lib/ruby/gems/specifications/activemodel-4.0.0.gemspec
I, [2014-03-02T14:35:47.372732 #335806]  INFO -- : 0:  activerecord-deprecated_finders (1.0.3) from /usr/libexec/openshift/cartridges/c9-0.1/root/lib/ruby/gems/specifications/activerecord-deprecated_finders-1.0.3.gemspec
I, [2014-03-02T14:35:53.389129 #335806]  INFO -- : 0:  arel (4.0.2) from /var/lib/stickshift/5310acb64382ece2a90000c4/app-root/data/lib/ruby/gems/specifications/arel-4.0.2.gemspec
I, [2014-03-02T14:35:53.399039 #335806]  INFO -- : 0:  activerecord (4.0.0) from /usr/libexec/openshift/cartridges/c9-0.1/root/lib/ruby/gems/specifications/activerecord-4.0.0.gemspec
I, [2014-03-02T14:36:11.870915 #335806]  INFO -- : 0:  bcrypt (3.1.7) from /var/lib/stickshift/5310acb64382ece2a90000c4/app-root/data/lib/ruby/gems/specifications/bcrypt-3.1.7.gemspec
I, [2014-03-02T14:36:14.002487 #335806]  INFO -- : 0:  bcrypt-ruby (3.1.5) from /var/lib/stickshift/5310acb64382ece2a90000c4/app-root/data/lib/ruby/gems/specifications/bcrypt-ruby-3.1.5.gemspec
I, [2014-03-02T14:36:14.003664 #335806]  INFO -- : 0:  bundler (1.5.1) from /usr/libexec/openshift/cartridges/c9-0.1/root/lib/ruby/gems/specifications/bundler-1.5.1.gemspec
I, [2014-03-02T14:36:16.093961 #335806]  INFO -- : 0:  coffee-script-source (1.7.0) from /var/lib/stickshift/5310acb64382ece2a90000c4/app-root/data/lib/ruby/gems/specifications/coffee-script-source-1.7.0.gemspec
I, [2014-03-02T14:36:16.102223 #335806]  INFO -- : 0:  execjs (2.0.2) from /usr/libexec/openshift/cartridges/c9-0.1/root/lib/ruby/gems/specifications/execjs-2.0.2.gemspec
I, [2014-03-02T14:36:16.103047 #335806]  INFO -- : 0:  coffee-script (2.2.0) from /usr/libexec/openshift/cartridges/c9-0.1/root/lib/ruby/gems/specifications/coffee-script-2.2.0.gemspec
I, [2014-03-02T14:36:16.106887 #335806]  INFO -- : 0:  thor (0.18.1) from /usr/libexec/openshift/cartridges/c9-0.1/root/lib/ruby/gems/specifications/thor-0.18.1.gemspec
I, [2014-03-02T14:36:16.109682 #335806]  INFO -- : 0:  railties (4.0.0) from /usr/libexec/openshift/cartridges/c9-0.1/root/lib/ruby/gems/specifications/railties-4.0.0.gemspec
I, [2014-03-02T14:36:16.112467 #335806]  INFO -- : 0:  coffee-rails (4.0.1) from /usr/libexec/openshift/cartridges/c9-0.1/root/lib/ruby/gems/specifications/coffee-rails-4.0.1.gemspec
I, [2014-03-02T14:36:17.943950 #335806]  INFO -- : 0:  orm_adapter (0.5.0) from /var/lib/stickshift/5310acb64382ece2a90000c4/app-root/data/lib/ruby/gems/specifications/orm_adapter-0.5.0.gemspec
I, [2014-03-02T14:36:22.503314 #335806]  INFO -- : 0:  warden (1.2.3) from /var/lib/stickshift/5310acb64382ece2a90000c4/app-root/data/lib/ruby/gems/specifications/warden-1.2.3.gemspec
I, [2014-03-02T14:36:32.505241 #335806]  INFO -- : 0:  devise (3.2.3) from /var/lib/stickshift/5310acb64382ece2a90000c4/app-root/data/lib/ruby/gems/specifications/devise-3.2.3.gemspec
I, [2014-03-02T14:36:32.510732 #335806]  INFO -- : 0:  hike (1.2.3) from /usr/libexec/openshift/cartridges/c9-0.1/root/lib/ruby/gems/specifications/hike-1.2.3.gemspec
I, [2014-03-02T14:36:32.515834 #335806]  INFO -- : 0:  jbuilder (1.5.3) from /usr/libexec/openshift/cartridges/c9-0.1/root/lib/ruby/gems/specifications/jbuilder-1.5.3.gemspec
I, [2014-03-02T14:36:35.284202 #335806]  INFO -- : 0:  jquery-rails (3.1.0) from /var/lib/stickshift/5310acb64382ece2a90000c4/app-root/data/lib/ruby/gems/specifications/jquery-rails-3.1.0.gemspec
I, [2014-03-02T14:36:35.285118 #335806]  INFO -- : 0:  json (1.8.1) from /usr/libexec/openshift/cartridges/c9-0.1/root/lib/ruby/gems/specifications/json-1.8.1.gemspec
I, [2014-03-02T14:36:35.293884 #335806]  INFO -- : 0:  tilt (1.4.1) from /usr/libexec/openshift/cartridges/c9-0.1/root/lib/ruby/gems/specifications/tilt-1.4.1.gemspec
I, [2014-03-02T14:36:39.091930 #335806]  INFO -- : 0:  sprockets (2.11.0) from /var/lib/stickshift/5310acb64382ece2a90000c4/app-root/data/lib/ruby/gems/specifications/sprockets-2.11.0.gemspec
I, [2014-03-02T14:36:39.101317 #335806]  INFO -- : 0:  sprockets-rails (2.0.1) from /usr/libexec/openshift/cartridges/c9-0.1/root/lib/ruby/gems/specifications/sprockets-rails-2.0.1.gemspec
I, [2014-03-02T14:36:39.101982 #335806]  INFO -- : 0:  rails (4.0.0) from /usr/libexec/openshift/cartridges/c9-0.1/root/lib/ruby/gems/specifications/rails-4.0.0.gemspec
I, [2014-03-02T14:36:39.108372 #335806]  INFO -- : 0:  rdoc (4.1.1) from /usr/libexec/openshift/cartridges/c9-0.1/root/lib/ruby/gems/specifications/rdoc-4.1.1.gemspec
I, [2014-03-02T14:36:47.398176 #335806]  INFO -- : 0:  sass (3.2.14) from /var/lib/stickshift/5310acb64382ece2a90000c4/app-root/data/lib/ruby/gems/specifications/sass-3.2.14.gemspec
I, [2014-03-02T14:36:47.402956 #335806]  INFO -- : 0:  sass-rails (4.0.1) from /usr/libexec/openshift/cartridges/c9-0.1/root/lib/ruby/gems/specifications/sass-rails-4.0.1.gemspec
I, [2014-03-02T14:36:47.403643 #335806]  INFO -- : 0:  sdoc (0.4.0) from /usr/libexec/openshift/cartridges/c9-0.1/root/lib/ruby/gems/specifications/sdoc-0.4.0.gemspec
I, [2014-03-02T14:37:15.576757 #335806]  INFO -- : 0:  sqlite3 (1.3.9) from /var/lib/stickshift/5310acb64382ece2a90000c4/app-root/data/lib/ruby/gems/specifications/sqlite3-1.3.9.gemspec
I, [2014-03-02T14:37:17.098535 #335806]  INFO -- : 0:  turbolinks (2.2.1) from /var/lib/stickshift/5310acb64382ece2a90000c4/app-root/data/lib/ruby/gems/specifications/turbolinks-2.2.1.gemspec
I, [2014-03-02T14:37:17.101478 #335806]  INFO -- : 0:  uglifier (2.4.0) from /usr/libexec/openshift/cartridges/c9-0.1/root/lib/ruby/gems/specifications/uglifier-2.4.0.gemspec
I, [2014-03-02T14:38:46.383729 #340370]  INFO -- : 0:  rake (10.1.1) from /usr/libexec/openshift/cartridges/c9-0.1/root/lib/ruby/gems/specifications/rake-10.1.1.gemspec
I, [2014-03-02T14:38:46.384645 #340370]  INFO -- : 0:  i18n (0.6.9) from /usr/libexec/openshift/cartridges/c9-0.1/root/lib/ruby/gems/specifications/i18n-0.6.9.gemspec
I, [2014-03-02T14:38:46.385324 #340370]  INFO -- : 0:  minitest (4.7.5) from /usr/libexec/openshift/cartridges/c9-0.1/root/lib/ruby/gems/specifications/minitest-4.7.5.gemspec
I, [2014-03-02T14:38:46.385975 #340370]  INFO -- : 0:  multi_json (1.8.4) from /usr/libexec/openshift/cartridges/c9-0.1/root/lib/ruby/gems/specifications/multi_json-1.8.4.gemspec
I, [2014-03-02T14:38:46.387220 #340370]  INFO -- : 0:  atomic (1.1.15) from /var/lib/stickshift/5310acb64382ece2a90000c4/app-root/data/lib/ruby/gems/specifications/atomic-1.1.15.gemspec
I, [2014-03-02T14:38:46.387958 #340370]  INFO -- : 0:  thread_safe (0.2.0) from /var/lib/stickshift/5310acb64382ece2a90000c4/app-root/data/lib/ruby/gems/specifications/thread_safe-0.2.0.gemspec
I, [2014-03-02T14:38:46.394807 #340370]  INFO -- : 0:  tzinfo (0.3.38) from /usr/libexec/openshift/cartridges/c9-0.1/root/lib/ruby/gems/specifications/tzinfo-0.3.38.gemspec
I, [2014-03-02T14:38:46.395549 #340370]  INFO -- : 0:  activesupport (4.0.0) from /usr/libexec/openshift/cartridges/c9-0.1/root/lib/ruby/gems/specifications/activesupport-4.0.0.gemspec
I, [2014-03-02T14:38:46.509997 #340370]  INFO -- : 0:  builder (3.1.4) from /usr/libexec/openshift/cartridges/c9-0.1/root/lib/ruby/gems/specifications/builder-3.1.4.gemspec
I, [2014-03-02T14:38:46.510943 #340370]  INFO -- : 0:  erubis (2.7.0) from /usr/libexec/openshift/cartridges/c9-0.1/root/lib/ruby/gems/specifications/erubis-2.7.0.gemspec
I, [2014-03-02T14:38:46.511738 #340370]  INFO -- : 0:  rack (1.5.2) from /usr/libexec/openshift/cartridges/c9-0.1/root/lib/ruby/gems/specifications/rack-1.5.2.gemspec
I, [2014-03-02T14:38:46.512724 #340370]  INFO -- : 0:  rack-test (0.6.2) from /usr/libexec/openshift/cartridges/c9-0.1/root/lib/ruby/gems/specifications/rack-test-0.6.2.gemspec
I, [2014-03-02T14:38:46.513513 #340370]  INFO -- : 0:  actionpack (4.0.0) from /usr/libexec/openshift/cartridges/c9-0.1/root/lib/ruby/gems/specifications/actionpack-4.0.0.gemspec
I, [2014-03-02T14:38:46.514276 #340370]  INFO -- : 0:  mime-types (1.25.1) from /usr/libexec/openshift/cartridges/c9-0.1/root/lib/ruby/gems/specifications/mime-types-1.25.1.gemspec
I, [2014-03-02T14:38:46.514953 #340370]  INFO -- : 0:  polyglot (0.3.4) from /var/lib/stickshift/5310acb64382ece2a90000c4/app-root/data/lib/ruby/gems/specifications/polyglot-0.3.4.gemspec
I, [2014-03-02T14:38:46.515753 #340370]  INFO -- : 0:  treetop (1.4.15) from /usr/libexec/openshift/cartridges/c9-0.1/root/lib/ruby/gems/specifications/treetop-1.4.15.gemspec
I, [2014-03-02T14:38:46.516616 #340370]  INFO -- : 0:  mail (2.5.4) from /usr/libexec/openshift/cartridges/c9-0.1/root/lib/ruby/gems/specifications/mail-2.5.4.gemspec
I, [2014-03-02T14:38:46.517483 #340370]  INFO -- : 0:  actionmailer (4.0.0) from /usr/libexec/openshift/cartridges/c9-0.1/root/lib/ruby/gems/specifications/actionmailer-4.0.0.gemspec
I, [2014-03-02T14:38:46.518641 #340370]  INFO -- : 0:  activemodel (4.0.0) from /usr/libexec/openshift/cartridges/c9-0.1/root/lib/ruby/gems/specifications/activemodel-4.0.0.gemspec
I, [2014-03-02T14:38:46.519479 #340370]  INFO -- : 0:  activerecord-deprecated_finders (1.0.3) from /usr/libexec/openshift/cartridges/c9-0.1/root/lib/ruby/gems/specifications/activerecord-deprecated_finders-1.0.3.gemspec
I, [2014-03-02T14:38:46.520284 #340370]  INFO -- : 0:  arel (4.0.2) from /var/lib/stickshift/5310acb64382ece2a90000c4/app-root/data/lib/ruby/gems/specifications/arel-4.0.2.gemspec
I, [2014-03-02T14:38:46.520956 #340370]  INFO -- : 0:  activerecord (4.0.0) from /usr/libexec/openshift/cartridges/c9-0.1/root/lib/ruby/gems/specifications/activerecord-4.0.0.gemspec
I, [2014-03-02T14:38:46.578229 #340370]  INFO -- : 0:  bcrypt (3.1.7) from /var/lib/stickshift/5310acb64382ece2a90000c4/app-root/data/lib/ruby/gems/specifications/bcrypt-3.1.7.gemspec
I, [2014-03-02T14:38:46.578986 #340370]  INFO -- : 0:  bcrypt-ruby (3.1.5) from /var/lib/stickshift/5310acb64382ece2a90000c4/app-root/data/lib/ruby/gems/specifications/bcrypt-ruby-3.1.5.gemspec
I, [2014-03-02T14:38:46.580388 #340370]  INFO -- : 0:  bundler (1.5.1) from /usr/libexec/openshift/cartridges/c9-0.1/root/lib/ruby/gems/specifications/bundler-1.5.1.gemspec
I, [2014-03-02T14:38:46.588461 #340370]  INFO -- : 0:  coffee-script-source (1.7.0) from /var/lib/stickshift/5310acb64382ece2a90000c4/app-root/data/lib/ruby/gems/specifications/coffee-script-source-1.7.0.gemspec
I, [2014-03-02T14:38:46.589562 #340370]  INFO -- : 0:  execjs (2.0.2) from /usr/libexec/openshift/cartridges/c9-0.1/root/lib/ruby/gems/specifications/execjs-2.0.2.gemspec
I, [2014-03-02T14:38:46.597214 #340370]  INFO -- : 0:  coffee-script (2.2.0) from /usr/libexec/openshift/cartridges/c9-0.1/root/lib/ruby/gems/specifications/coffee-script-2.2.0.gemspec
I, [2014-03-02T14:38:46.598186 #340370]  INFO -- : 0:  thor (0.18.1) from /usr/libexec/openshift/cartridges/c9-0.1/root/lib/ruby/gems/specifications/thor-0.18.1.gemspec
I, [2014-03-02T14:38:46.598970 #340370]  INFO -- : 0:  railties (4.0.0) from /usr/libexec/openshift/cartridges/c9-0.1/root/lib/ruby/gems/specifications/railties-4.0.0.gemspec
I, [2014-03-02T14:38:46.607518 #340370]  INFO -- : 0:  coffee-rails (4.0.1) from /usr/libexec/openshift/cartridges/c9-0.1/root/lib/ruby/gems/specifications/coffee-rails-4.0.1.gemspec
I, [2014-03-02T14:38:46.608409 #340370]  INFO -- : 0:  orm_adapter (0.5.0) from /var/lib/stickshift/5310acb64382ece2a90000c4/app-root/data/lib/ruby/gems/specifications/orm_adapter-0.5.0.gemspec
I, [2014-03-02T14:38:46.609253 #340370]  INFO -- : 0:  warden (1.2.3) from /var/lib/stickshift/5310acb64382ece2a90000c4/app-root/data/lib/ruby/gems/specifications/warden-1.2.3.gemspec
I, [2014-03-02T14:38:46.624378 #340370]  INFO -- : 0:  devise (3.2.3) from /var/lib/stickshift/5310acb64382ece2a90000c4/app-root/data/lib/ruby/gems/specifications/devise-3.2.3.gemspec
I, [2014-03-02T14:38:46.625803 #340370]  INFO -- : 0:  hike (1.2.3) from /usr/libexec/openshift/cartridges/c9-0.1/root/lib/ruby/gems/specifications/hike-1.2.3.gemspec
I, [2014-03-02T14:38:46.626678 #340370]  INFO -- : 0:  jbuilder (1.5.3) from /usr/libexec/openshift/cartridges/c9-0.1/root/lib/ruby/gems/specifications/jbuilder-1.5.3.gemspec
I, [2014-03-02T14:38:46.627576 #340370]  INFO -- : 0:  jquery-rails (3.1.0) from /var/lib/stickshift/5310acb64382ece2a90000c4/app-root/data/lib/ruby/gems/specifications/jquery-rails-3.1.0.gemspec
I, [2014-03-02T14:38:46.629685 #340370]  INFO -- : 0:  json (1.8.1) from /usr/libexec/openshift/cartridges/c9-0.1/root/lib/ruby/gems/specifications/json-1.8.1.gemspec
I, [2014-03-02T14:39:36.889844 #340370]  INFO -- : 0:  pg (0.17.1) from /var/lib/stickshift/5310acb64382ece2a90000c4/app-root/data/lib/ruby/gems/specifications/pg-0.17.1.gemspec
I, [2014-03-02T14:39:36.891415 #340370]  INFO -- : 0:  tilt (1.4.1) from /usr/libexec/openshift/cartridges/c9-0.1/root/lib/ruby/gems/specifications/tilt-1.4.1.gemspec
I, [2014-03-02T14:39:36.892131 #340370]  INFO -- : 0:  sprockets (2.11.0) from /var/lib/stickshift/5310acb64382ece2a90000c4/app-root/data/lib/ruby/gems/specifications/sprockets-2.11.0.gemspec
I, [2014-03-02T14:39:36.893033 #340370]  INFO -- : 0:  sprockets-rails (2.0.1) from /usr/libexec/openshift/cartridges/c9-0.1/root/lib/ruby/gems/specifications/sprockets-rails-2.0.1.gemspec
I, [2014-03-02T14:39:36.893867 #340370]  INFO -- : 0:  rails (4.0.0) from /usr/libexec/openshift/cartridges/c9-0.1/root/lib/ruby/gems/specifications/rails-4.0.0.gemspec
I, [2014-03-02T14:39:36.898574 #340370]  INFO -- : 0:  rdoc (4.1.1) from /usr/libexec/openshift/cartridges/c9-0.1/root/lib/ruby/gems/specifications/rdoc-4.1.1.gemspec
I, [2014-03-02T14:39:36.899471 #340370]  INFO -- : 0:  sass (3.2.14) from /var/lib/stickshift/5310acb64382ece2a90000c4/app-root/data/lib/ruby/gems/specifications/sass-3.2.14.gemspec
I, [2014-03-02T14:39:36.900132 #340370]  INFO -- : 0:  sass-rails (4.0.1) from /usr/libexec/openshift/cartridges/c9-0.1/root/lib/ruby/gems/specifications/sass-rails-4.0.1.gemspec
I, [2014-03-02T14:39:36.900927 #340370]  INFO -- : 0:  sdoc (0.4.0) from /usr/libexec/openshift/cartridges/c9-0.1/root/lib/ruby/gems/specifications/sdoc-0.4.0.gemspec
I, [2014-03-02T14:39:36.901728 #340370]  INFO -- : 0:  turbolinks (2.2.1) from /var/lib/stickshift/5310acb64382ece2a90000c4/app-root/data/lib/ruby/gems/specifications/turbolinks-2.2.1.gemspec
I, [2014-03-02T14:39:36.902530 #340370]  INFO -- : 0:  uglifier (2.4.0) from /usr/libexec/openshift/cartridges/c9-0.1/root/lib/ruby/gems/specifications/uglifier-2.4.0.gemspec
